Determining if the pthread_create exist failed with the following output:
Change Dir: /home/dhrodriguezg/Mobile_HRI/build/CMakeFiles/CMakeTmp

Run Build Command:/usr/bin/make "cmTryCompileExec174599813/fast"
/usr/bin/make -f CMakeFiles/cmTryCompileExec174599813.dir/build.make CMakeFiles/cmTryCompileExec174599813.dir/build
make[1]: Entering directory `/home/dhrodriguezg/Mobile_HRI/build/CMakeFiles/CMakeTmp'
/usr/bin/cmake -E cmake_progress_report /home/dhrodriguezg/Mobile_HRI/build/CMakeFiles/CMakeTmp/CMakeFiles 1
Building C object CMakeFiles/cmTryCompileExec174599813.dir/CheckSymbolExists.c.o
/usr/bin/cc    -o CMakeFiles/cmTryCompileExec174599813.dir/CheckSymbolExists.c.o   -c /home/dhrodriguezg/Mobile_HRI/build/CMakeFiles/CMakeTmp/CheckSymbolExists.c
Linking C executable cmTryCompileExec174599813
/usr/bin/cmake -E cmake_link_script CMakeFiles/cmTryCompileExec174599813.dir/link.txt --verbose=1
/usr/bin/cc       CMakeFiles/cmTryCompileExec174599813.dir/CheckSymbolExists.c.o  -o cmTryCompileExec174599813 -rdynamic 
CMakeFiles/cmTryCompileExec174599813.dir/CheckSymbolExists.c.o: In function `main':
CheckSymbolExists.c:(.text+0x16): undefined reference to `pthread_create'
collect2: error: ld returned 1 exit status
make[1]: Leaving directory `/home/dhrodriguezg/Mobile_HRI/build/CMakeFiles/CMakeTmp'
make[1]: *** [cmTryCompileExec174599813] Error 1
make: *** [cmTryCompileExec174599813/fast] Error 2

File /home/dhrodriguezg/Mobile_HRI/build/CMakeFiles/CMakeTmp/CheckSymbolExists.c:
/* */
#include <pthread.h>

int main(int argc, char** argv)
{
  (void)argv;
#ifndef pthread_create
  return ((int*)(&pthread_create))[argc];
#else
  (void)argc;
  return 0;
#endif
}

Determining if the function pthread_create exists in the pthreads failed with the following output:
Change Dir: /home/dhrodriguezg/Mobile_HRI/build/CMakeFiles/CMakeTmp

Run Build Command:/usr/bin/make "cmTryCompileExec473575885/fast"
/usr/bin/make -f CMakeFiles/cmTryCompileExec473575885.dir/build.make CMakeFiles/cmTryCompileExec473575885.dir/build
make[1]: Entering directory `/home/dhrodriguezg/Mobile_HRI/build/CMakeFiles/CMakeTmp'
/usr/bin/cmake -E cmake_progress_report /home/dhrodriguezg/Mobile_HRI/build/CMakeFiles/CMakeTmp/CMakeFiles 1
Building C object CMakeFiles/cmTryCompileExec473575885.dir/CheckFunctionExists.c.o
/usr/bin/cc   -DCHECK_FUNCTION_EXISTS=pthread_create   -o CMakeFiles/cmTryCompileExec473575885.dir/CheckFunctionExists.c.o   -c /usr/share/cmake-2.8/Modules/CheckFunctionExists.c
Linking C executable cmTryCompileExec473575885
/usr/bin/cmake -E cmake_link_script CMakeFiles/cmTryCompileExec473575885.dir/link.txt --verbose=1
/usr/bin/cc   -DCHECK_FUNCTION_EXISTS=pthread_create    CMakeFiles/cmTryCompileExec473575885.dir/CheckFunctionExists.c.o  -o cmTryCompileExec473575885 -rdynamic -lpthreads 
/usr/bin/ld: cannot find -lpthreads
collect2: error: ld returned 1 exit status
make[1]: *** [cmTryCompileExec473575885] Error 1
make[1]: Leaving directory `/home/dhrodriguezg/Mobile_HRI/build/CMakeFiles/CMakeTmp'
make: *** [cmTryCompileExec473575885/fast] Error 2


